<?xml version="1.0" encoding="UTF-8" ?>
<testsuite errors="0" failures="0" hostname="DavesLaptop" name="RBCRewardsCucumberTest.TestRunner" skipped="0" tests="16" time="18.264" timestamp="2016-12-16T23:15:22">
  <properties>
    <property name="java.vendor" value="Oracle Corporation" />
    <property name="env.JENKINS_SERVER_COOKIE" value="d721a2494aea3da9" />
    <property name="sun.java.launcher" value="SUN_STANDARD" />
    <property name="sun.management.compiler" value="HotSpot 64-Bit Tiered Compilers" />
    <property name="env.BASE" value="C:\Program Files (x86)\Jenkins" />
    <property name="env.PROMPT" value="$P$G" />
    <property name="os.name" value="Windows 10" />
    <property name="env.FP_NO_HOST_CHECK" value="NO" />
    <property name="sun.boot.class.path" value="C:\Program Files\Java\jdk1.8.0_111\jre\lib\resources.jar;C:\Program Files\Java\jdk1.8.0_111\jre\lib\rt.jar;C:\Program Files\Java\jdk1.8.0_111\jre\lib\sunrsasign.jar;C:\Program Files\Java\jdk1.8.0_111\jre\lib\jsse.jar;C:\Program Files\Java\jdk1.8.0_111\jre\lib\jce.jar;C:\Program Files\Java\jdk1.8.0_111\jre\lib\charsets.jar;C:\Program Files\Java\jdk1.8.0_111\jre\lib\jfr.jar;C:\Program Files\Java\jdk1.8.0_111\jre\classes" />
    <property name="env.COMPUTERNAME" value="DAVESLAPTOP" />
    <property name="env.CommonProgramW6432" value="C:\Program Files\Common Files" />
    <property name="env.ALLUSERSPROFILE" value="C:\ProgramData" />
    <property name="sun.desktop" value="windows" />
    <property name="java.vm.specification.vendor" value="Oracle Corporation" />
    <property name="ant.home" value="C:\apache-ant-1.9.7" />
    <property name="java.runtime.version" value="1.8.0_111-b14" />
    <property name="env.BUILD_DISPLAY_NAME" value="#30" />
    <property name="user.name" value="DAVESLAPTOP$" />
    <property name="ant.file.DavesRewards" value="C:\Users\Dave\git\DavesRewards\build.xml" />
    <property name="ant.file.type.DavesRewards" value="file" />
    <property name="user.language" value="en" />
    <property name="sun.boot.library.path" value="C:\Program Files\Java\jdk1.8.0_111\jre\bin" />
    <property name="ant.project.default-target" value="build" />
    <property name="ant.project.name" value="DavesRewards" />
    <property name="java.version" value="1.8.0_111" />
    <property name="env.PROCESSOR_IDENTIFIER" value="Intel64 Family 6 Model 58 Stepping 9, GenuineIntel" />
    <property name="env.OnlineServices" value="Online Services" />
    <property name="user.timezone" value="" />
    <property name="env.NODE_NAME" value="master" />
    <property name="env.TEMP" value="C:\WINDOWS\TEMP" />
    <property name="sun.arch.data.model" value="64" />
    <property name="java.endorsed.dirs" value="C:\Program Files\Java\jdk1.8.0_111\jre\lib\endorsed" />
    <property name="env._JAVACMD" value="C:\Program Files\Java\jdk1.8.0_111\bin\java.exe" />
    <property name="sun.cpu.isalist" value="amd64" />
    <property name="env.JOB_BASE_NAME" value="cucuTest" />
    <property name="sun.jnu.encoding" value="Cp1252" />
    <property name="file.encoding.pkg" value="sun.io" />
    <property name="ECLIPSE_HOME" value="../../eclipse/java-neon/eclipse/" />
    <property name="file.separator" value="\" />
    <property name="java.specification.name" value="Java Platform API Specification" />
    <property name="java.class.version" value="52.0" />
    <property name="user.country" value="CA" />
    <property name="env.BUILD_NUMBER" value="30" />
    <property name="java.home" value="C:\Program Files\Java\jdk1.8.0_111\jre" />
    <property name="env.PSModulePath" value="C:\WINDOWS\system32\WindowsPowerShell\v1.0\Modules\" />
    <property name="env.APPDATA" value="C:\WINDOWS\system32\config\systemprofile\AppData\Roaming" />
    <property name="env.PUBLIC" value="C:\Users\Public" />
    <property name="java.vm.info" value="mixed mode" />
    <property name="env.ComSpec" value="C:\WINDOWS\system32\cmd.exe" />
    <property name="env.OS" value="Windows_NT" />
    <property name="env.CommonProgramFiles" value="C:\Program Files\Common Files" />
    <property name="ant.file" value="C:\Users\Dave\git\DavesRewards\build.xml" />
    <property name="os.version" value="10.0" />
    <property name="env.ProgramW6432" value="C:\Program Files" />
    <property name="env._USE_CLASSPATH" value="no" />
    <property name="env.HUDSON_COOKIE" value="8e6bd7b3-08a5-43f1-8d46-1832186b677a" />
    <property name="env.AMDAPPSDKROOT" value="C:\Program Files (x86)\AMD APP\" />
    <property name="path.separator" value=";" />
    <property name="java.vm.version" value="25.111-b14" />
    <property name="env.USERPROFILE" value="C:\WINDOWS\system32\config\systemprofile" />
    <property name="user.variant" value="" />
    <property name="ant.library.dir" value="C:\apache-ant-1.9.7\lib" />
    <property name="junit.output.dir" value="junit" />
    <property name="env.JOB_NAME" value="cucuTest" />
    <property name="env.JAVA_HOME" value="C:\Program Files\Java\jdk1.8.0_111" />
    <property name="java.awt.printerjob" value="sun.awt.windows.WPrinterJob" />
    <property name="env.TMP" value="C:\WINDOWS\TEMP" />
    <property name="env.WINSW_EXECUTABLE" value="C:\Program Files (x86)\Jenkins\jenkins.exe" />
    <property name="sun.io.unicode.encoding" value="UnicodeLittle" />
    <property name="env.SERVICE_ID" value="Jenkins" />
    <property name="awt.toolkit" value="sun.awt.windows.WToolkit" />
    <property name="user.script" value="" />
    <property name="env.BUILD_TAG" value="jenkins-cucuTest-30" />
    <property name="target" value="1.8" />
    <property name="user.home" value="C:\WINDOWS\system32\config\systemprofile" />
    <property name="env.JENKINS_HOME" value="C:\Program Files (x86)\Jenkins" />
    <property name="env.ProgramData" value="C:\ProgramData" />
    <property name="env.VS140COMNTOOLS" value="C:\Program Files (x86)\Microsoft Visual Studio 14.0\Common7\Tools\" />
    <property name="env.ProgramFiles(x86)" value="C:\Program Files (x86)" />
    <property name="java.specification.vendor" value="Oracle Corporation" />
    <property name="java.vendor.url" value="http://java.oracle.com/" />
    <property name="java.library.path" value="C:\Program Files\Java\jdk1.8.0_111\jre\bin;C:\WINDOWS\Sun\Java\bin;C:\WINDOWS\system32;C:\WINDOWS;C:\ProgramData\Oracle\Java\javapath;C:\Program Files (x86)\Microchip\xc8\v1.12\bin;C:\Program Files (x86)\HP SimplePass\x64;C:\Program Files (x86)\HP SimplePass\;C:\Program Files (x86)\Intel\iCLS Client\;C:\Program Files\Intel\iCLS Client\;C:\Program Files (x86)\AMD APP\bin\x86_64;C:\Program Files (x86)\AMD APP\bin\x86;C:\WINDOWS\system32;C:\WINDOWS;C:\WINDOWS\System32\Wbem;C:\WINDOWS\System32\WindowsPowerShell\v1.0\;C:\Program Files (x86)\Windows Live\Shared;C:\Program Files (x86)\ATI Technologies\ATI.ACE\Core-Static;C:\Program Files\Intel\Intel(R) Management Engine Components\DAL;C:\Program Files\Intel\Intel(R) Management Engine Components\IPT;C:\Program Files (x86)\Intel\Intel(R) Management Engine Components\DAL;C:\Program Files (x86)\Intel\Intel(R) Management Engine Components\IPT;C:\Program Files\Intel\WiFi\bin\;C:\Program Files\Common Files\Intel\WirelessCommon\;C:\Program Files (x86)\WinMerge;C:\Program Files\TortoiseSVN\bin;C:\WINDOWS\system32\config\systemprofile\.dnx\bin;C:\Program Files\Microsoft DNX\Dnvm\;C:\Program Files\Microsoft SQL Server\120\Tools\Binn\;C:\Program Files\Microsoft SQL Server\130\Tools\Binn\;C:\Program Files (x86)\Windows Kits\10\Windows Performance Toolkit\;C:\Program Files\Git\cmd;c:\Program Files (x86)\Microsoft SQL Server expr 2008\100\Tools\Binn\;c:\Program Files\Microsoft SQL Server expr 2008\100\Tools\Binn\;c:\Program Files\Microsoft SQL Server expr 2008\100\DTS\Binn\;C:\SeleniumDrivers;C:\apache-ant-1.9.7\bin;C:\WINDOWS\system32\config\systemprofile\AppData\Local\Microsoft\WindowsApps;." />
    <property name="env.NUMBER_OF_PROCESSORS" value="8" />
    <property name="env.HUDSON_HOME" value="C:\Program Files (x86)\Jenkins" />
    <property name="java.vm.vendor" value="Oracle Corporation" />
    <property name="env.HUDSON_SERVER_COOKIE" value="d721a2494aea3da9" />
    <property name="java.runtime.name" value="Java(TM) SE Runtime Environment" />
    <property name="ant.version" value="Apache Ant(TM) version 1.9.7 compiled on April 9 2016" />
    <property name="sun.java.command" value="org.apache.tools.ant.taskdefs.optional.junit.JUnitTestRunner RBCRewardsCucumberTest.TestRunner skipNonTests=false filtertrace=true haltOnError=false haltOnFailure=false formatter=org.apache.tools.ant.taskdefs.optional.junit.OutErrSummaryJUnitResultFormatter showoutput=false outputtoformatters=true logfailedtests=true threadid=0 logtestlistenerevents=false formatter=org.apache.tools.ant.taskdefs.optional.junit.XMLJUnitResultFormatter,C:\Users\Dave\git\DavesRewards\junit\TEST-RBCRewardsCucumberTest.TestRunner.xml crashfile=C:\Users\Dave\git\DavesRewards\junitvmwatcher4632538101127812697.properties propsfile=C:\Users\Dave\git\DavesRewards\junit2720847815738144675.properties" />
    <property name="java.class.path" value="C:\Users\Dave\git\DavesRewards\bin;C:\selenium-2.53.1 Java\selenium-java-2.53.1.jar;C:\selenium-2.53.1 Java\selenium-java-2.53.1-srcs.jar;C:\selenium-2.53.1 Java\libs\apache-mime4j-0.6.jar;C:\selenium-2.53.1 Java\libs\bsh-2.0b4.jar;C:\selenium-2.53.1 Java\libs\cglib-nodep-2.1_3.jar;C:\selenium-2.53.1 Java\libs\commons-codec-1.10.jar;C:\selenium-2.53.1 Java\libs\commons-exec-1.3.jar;C:\selenium-2.53.1 Java\libs\commons-io-2.4.jar;C:\selenium-2.53.1 Java\libs\commons-logging-1.2.jar;C:\selenium-2.53.1 Java\libs\gson-2.3.1.jar;C:\selenium-2.53.1 Java\libs\guava-19.0.jar;C:\selenium-2.53.1 Java\libs\hamcrest-core-1.3.jar;C:\selenium-2.53.1 Java\libs\hamcrest-library-1.3.jar;C:\selenium-2.53.1 Java\libs\httpclient-4.5.1.jar;C:\selenium-2.53.1 Java\libs\httpcore-4.4.3.jar;C:\selenium-2.53.1 Java\libs\httpmime-4.5.jar;C:\selenium-2.53.1 Java\libs\jcommander-1.48.jar;C:\selenium-2.53.1 Java\libs\jna-4.1.0.jar;C:\selenium-2.53.1 Java\libs\jna-platform-4.1.0.jar;C:\selenium-2.53.1 Java\libs\junit-4.12.jar;C:\selenium-2.53.1 Java\libs\netty-3.5.7.Final.jar;C:\selenium-2.53.1 Java\libs\phantomjsdriver-1.2.1.jar;C:\selenium-2.53.1 Java\libs\testng-6.9.9.jar;C:\Users\Dave\.m2\repository\info\cukes\cucumber-core\1.2.5\cucumber-core-1.2.5.jar;C:\Users\Dave\.m2\repository\info\cukes\cucumber-java\1.2.5\cucumber-java-1.2.5.jar;C:\Users\Dave\.m2\repository\info\cukes\cucumber-junit\1.2.5\cucumber-junit-1.2.5.jar;C:\Users\Dave\.m2\repository\info\cukes\cucumber-jvm-deps\1.0.5\cucumber-jvm-deps-1.0.5.jar;C:\Users\Dave\.m2\repository\info\cukes\gherkin\2.12.2\gherkin-2.12.2.jar;C:\Users\Dave\Cucumber Java\cucumber-reporting-2.5.0.jar;C:\apache-ant-1.9.7\lib\ant-launcher.jar;C:\apache-ant-1.9.7\lib\ant.jar;C:\apache-ant-1.9.7\lib\ant-junit.jar;C:\apache-ant-1.9.7\lib\ant-junit4.jar" />
    <property name="env.PCBRAND" value="Pavilion" />
    <property name="env.EXECUTOR_NUMBER" value="1" />
    <property name="java.vm.specification.name" value="Java Virtual Machine Specification" />
    <property name="ant.file.type" value="file" />
    <property name="env.windir" value="C:\WINDOWS" />
    <property name="env.PROCESSOR_ARCHITECTURE" value="AMD64" />
    <property name="java.vm.specification.version" value="1.8" />
    <property name="sun.os.patch.level" value="" />
    <property name="sun.cpu.endian" value="little" />
    <property name="debuglevel" value="source,lines,vars" />
    <property name="env.ANT_HOME" value="C:\apache-ant-1.9.7" />
    <property name="env.ProgramFiles" value="C:\Program Files" />
    <property name="java.io.tmpdir" value="C:\WINDOWS\TEMP\" />
    <property name="env.PROCESSOR_REVISION" value="3a09" />
    <property name="env.CommonProgramFiles(x86)" value="C:\Program Files (x86)\Common Files" />
    <property name="java.vendor.url.bug" value="http://bugreport.sun.com/bugreport/" />
    <property name="env.SystemRoot" value="C:\WINDOWS" />
    <property name="java.awt.graphicsenv" value="sun.awt.Win32GraphicsEnvironment" />
    <property name="os.arch" value="amd64" />
    <property name="env.ANT_CMD_LINE_ARGS" value=" -file build.xml clean build-subprojects build-project &quot;TestRunner (1)&quot;" />
    <property name="java.ext.dirs" value="C:\Program Files\Java\jdk1.8.0_111\jre\lib\ext;C:\WINDOWS\Sun\Java\lib\ext" />
    <property name="user.dir" value="C:\Users\Dave\git\DavesRewards" />
    <property name="env.BUILD_ID" value="30" />
    <property name="env.LOCALAPPDATA" value="C:\WINDOWS\system32\config\systemprofile\AppData\Local" />
    <property name="line.separator" value="&#xd;&#xa;" />
    <property name="java.vm.name" value="Java HotSpot(TM) 64-Bit Server VM" />
    <property name="env.PATHEXT" value=".COM;.EXE;.BAT;.CMD;.VBS;.VBE;.JS;.JSE;.WSF;.WSH;.MSC" />
    <property name="env.Path" value="C:\ProgramData\Oracle\Java\javapath;C:\Program Files (x86)\Microchip\xc8\v1.12\bin;C:\Program Files (x86)\HP SimplePass\x64;C:\Program Files (x86)\HP SimplePass\;C:\Program Files (x86)\Intel\iCLS Client\;C:\Program Files\Intel\iCLS Client\;C:\Program Files (x86)\AMD APP\bin\x86_64;C:\Program Files (x86)\AMD APP\bin\x86;C:\WINDOWS\system32;C:\WINDOWS;C:\WINDOWS\System32\Wbem;C:\WINDOWS\System32\WindowsPowerShell\v1.0\;C:\Program Files (x86)\Windows Live\Shared;C:\Program Files (x86)\ATI Technologies\ATI.ACE\Core-Static;C:\Program Files\Intel\Intel(R) Management Engine Components\DAL;C:\Program Files\Intel\Intel(R) Management Engine Components\IPT;C:\Program Files (x86)\Intel\Intel(R) Management Engine Components\DAL;C:\Program Files (x86)\Intel\Intel(R) Management Engine Components\IPT;C:\Program Files\Intel\WiFi\bin\;C:\Program Files\Common Files\Intel\WirelessCommon\;C:\Program Files (x86)\WinMerge;C:\Program Files\TortoiseSVN\bin;C:\WINDOWS\system32\config\systemprofile\.dnx\bin;C:\Program Files\Microsoft DNX\Dnvm\;C:\Program Files\Microsoft SQL Server\120\Tools\Binn\;C:\Program Files\Microsoft SQL Server\130\Tools\Binn\;C:\Program Files (x86)\Windows Kits\10\Windows Performance Toolkit\;C:\Program Files\Git\cmd;c:\Program Files (x86)\Microsoft SQL Server expr 2008\100\Tools\Binn\;c:\Program Files\Microsoft SQL Server expr 2008\100\Tools\Binn\;c:\Program Files\Microsoft SQL Server expr 2008\100\DTS\Binn\;C:\SeleniumDrivers;C:\apache-ant-1.9.7\bin;C:\WINDOWS\system32\config\systemprofile\AppData\Local\Microsoft\WindowsApps" />
    <property name="basedir" value="C:\Users\Dave\git\DavesRewards" />
    <property name="ant.java.version" value="1.8" />
    <property name="ant.core.lib" value="C:\apache-ant-1.9.7\lib\ant.jar" />
    <property name="env.USERNAME" value="DAVESLAPTOP$" />
    <property name="source" value="1.8" />
    <property name="env.SystemDrive" value="C:" />
    <property name="file.encoding" value="Cp1252" />
    <property name="env.WORKSPACE" value="C:\Program Files (x86)\Jenkins\workspace\cucuTest" />
    <property name="env.USERDOMAIN" value="WORKGROUP" />
    <property name="java.specification.version" value="1.8" />
    <property name="env.=C:" value="C:\Users\Dave\git\DavesRewards" />
    <property name="ant.project.invoked-targets" value="clean,build-subprojects,build-project,TestRunner (1)" />
    <property name="env.Platform" value="MCD" />
    <property name="env.PROCESSOR_LEVEL" value="6" />
    <property name="env.NODE_LABELS" value="master" />
    <property name="env.VBOX_MSI_INSTALL_PATH" value="C:\Program Files\Oracle\VirtualBox\" />
  </properties>
  <testcase classname="Scenario: Check that all ways to redeem points are displayed on the page" name="Given user is on the landing page" time="0.001" />
  <testcase classname="Scenario: Check that all ways to redeem points are displayed on the page" name="Then the ways to redeem points panel is visible" time="0.0" />
  <testcase classname="Scenario: Check that all ways to redeem points are displayed on the page" name="And contains the text &apos;Ways to Redeem Your Points&apos;" time="0.0" />
  <testcase classname="junit.framework.TestSuite" name="Scenario: Check that all ways to redeem points are displayed on the page" time="9.998" />
  <testcase classname="Scenario: " name="Given user is on the landing page" time="0.0" />
  <testcase classname="Scenario: " name="And the ways to redeem points panel is visible" time="0.0" />
  <testcase classname="Scenario: " name="Then all the links are displayed" time="0.0" />
  <testcase classname="junit.framework.TestSuite" name="Scenario: " time="3.129" />
  <testcase classname="Scenario: " name="Given that user is viewing the Air Travel Redemption Schedule" time="0.0" />
  <testcase classname="Scenario: " name="Then the points and maximum ticket price information is correct" time="0.0" />
  <testcase classname="junit.framework.TestSuite" name="Scenario: " time="5.065" />
  <system-out><![CDATA[
3 Scenarios ([32m3 passed[0m)
8 Steps ([32m8 passed[0m)
0m18.170s

]]></system-out>
  <system-err><![CDATA[]]></system-err>
</testsuite>
